<?xml version="1.0" encoding="UTF-8" ?>
<testsuite tests="4" failures="0" name="org.mql.maven.junit4.TestAll" time="0.007" errors="0" skipped="0">
  <properties>
[...]
</properties>
  <testcase classname="org.mql.maven.junit4.TestCalculator" name="methode[0]" time="0.006"/>
  <testcase classname="org.mql.maven.junit4.TestCalculator" name="methode[1]" time="0.001"/>
  <testcase classname="org.mql.maven.junit4.TestCalculator" name="methode[2]" time="0"/>
  <testcase classname="org.mql.maven.junit4.TestExcepetion" name="operation" time="0"/>
</testsuite>